[2026-03-28 04:17:14 +0000] [861870] [INFO] Starting gunicorn 23.0.0
[2026-03-28 04:17:14 +0000] [861870] [INFO] Listening at: http://127.0.0.1:9212 (861870)
[2026-03-28 04:17:14 +0000] [861870] [INFO] Using worker: sync
[2026-03-28 04:17:14 +0000] [861873] [INFO] Booting worker with pid: 861873
[2026-03-30 03:50:37 +0000] [861870] [INFO] Handling signal: term
[2026-03-29 22:50:37 -0500] [861873] [INFO] Worker exiting (pid: 861873)
[2026-03-30 03:50:38 +0000] [861870] [INFO] Shutting down: Master
[2026-03-30 03:50:42 +0000] [1780950] [INFO] Starting gunicorn 23.0.0
[2026-03-30 03:50:42 +0000] [1780950] [INFO] Listening at: http://127.0.0.1:9212 (1780950)
[2026-03-30 03:50:42 +0000] [1780950] [INFO] Using worker: sync
[2026-03-30 03:50:42 +0000] [1780951] [INFO] Booting worker with pid: 1780951
[2026-03-30 04:04:12 +0000] [1780950] [INFO] Handling signal: term
[2026-03-29 23:04:12 -0500] [1780951] [INFO] Worker exiting (pid: 1780951)
[2026-03-30 04:04:12 +0000] [1780950] [INFO] Shutting down: Master
[2026-03-30 04:04:18 +0000] [1791004] [INFO] Starting gunicorn 23.0.0
[2026-03-30 04:04:18 +0000] [1791004] [INFO] Listening at: http://127.0.0.1:9212 (1791004)
[2026-03-30 04:04:18 +0000] [1791004] [INFO] Using worker: sync
[2026-03-30 04:04:18 +0000] [1791008] [INFO] Booting worker with pid: 1791008
[2026-03-30 04:06:15 +0000] [1791004] [INFO] Handling signal: term
[2026-03-29 23:06:15 -0500] [1791008] [INFO] Worker exiting (pid: 1791008)
[2026-03-30 04:06:15 +0000] [1791004] [INFO] Shutting down: Master
[2026-03-30 04:06:16 +0000] [1792454] [INFO] Starting gunicorn 23.0.0
[2026-03-30 04:06:16 +0000] [1792454] [INFO] Listening at: http://127.0.0.1:9212 (1792454)
[2026-03-30 04:06:16 +0000] [1792454] [INFO] Using worker: sync
[2026-03-30 04:06:16 +0000] [1792458] [INFO] Booting worker with pid: 1792458
[2026-03-30 04:22:11 +0000] [1792454] [INFO] Handling signal: term
[2026-03-29 23:22:11 -0500] [1792458] [INFO] Worker exiting (pid: 1792458)
[2026-03-30 04:22:11 +0000] [1792454] [INFO] Shutting down: Master
[2026-03-30 04:22:11 +0000] [1804418] [INFO] Starting gunicorn 23.0.0
[2026-03-30 04:22:11 +0000] [1804418] [INFO] Listening at: http://127.0.0.1:9212 (1804418)
[2026-03-30 04:22:11 +0000] [1804418] [INFO] Using worker: sync
[2026-03-30 04:22:11 +0000] [1804426] [INFO] Booting worker with pid: 1804426
[2026-04-06 06:50:31 +0000] [1804418] [INFO] Handling signal: term
[2026-04-06 01:50:32 -0500] [1804426] [INFO] Worker exiting (pid: 1804426)
[2026-04-06 06:50:32 +0000] [1804418] [INFO] Shutting down: Master
[2026-04-06 06:50:34 +0000] [3455504] [INFO] Starting gunicorn 23.0.0
[2026-04-06 06:50:34 +0000] [3455504] [INFO] Listening at: http://127.0.0.1:9212 (3455504)
[2026-04-06 06:50:34 +0000] [3455504] [INFO] Using worker: sync
[2026-04-06 06:50:34 +0000] [3455509] [INFO] Booting worker with pid: 3455509
[2026-04-06 09:41:27 +0000] [3455504] [INFO] Handling signal: term
[2026-04-06 04:41:27 -0500] [3455509] [INFO] Worker exiting (pid: 3455509)
[2026-04-06 09:41:27 +0000] [3455504] [INFO] Shutting down: Master
[2026-04-06 09:41:28 +0000] [3552781] [INFO] Starting gunicorn 23.0.0
[2026-04-06 09:41:28 +0000] [3552781] [INFO] Listening at: http://127.0.0.1:9212 (3552781)
[2026-04-06 09:41:28 +0000] [3552781] [INFO] Using worker: sync
[2026-04-06 09:41:28 +0000] [3552786] [INFO] Booting worker with pid: 3552786
[2026-04-06 09:51:12 +0000] [3552781] [INFO] Handling signal: term
[2026-04-06 04:51:12 -0500] [3552786] [INFO] Worker exiting (pid: 3552786)
[2026-04-06 09:51:12 +0000] [3552781] [ERROR] Worker (pid:3552786) was sent SIGTERM!
[2026-04-06 09:51:12 +0000] [3552781] [INFO] Shutting down: Master
[2026-04-06 09:51:12 +0000] [3558647] [INFO] Starting gunicorn 23.0.0
[2026-04-06 09:51:12 +0000] [3558647] [INFO] Listening at: http://127.0.0.1:9212 (3558647)
[2026-04-06 09:51:12 +0000] [3558647] [INFO] Using worker: sync
[2026-04-06 09:51:12 +0000] [3558652] [INFO] Booting worker with pid: 3558652
[2026-04-07 05:00:14 +0000] [3558647] [INFO] Handling signal: term
[2026-04-07 00:00:14 -0500] [3558652] [INFO] Worker exiting (pid: 3558652)
[2026-04-07 05:00:15 +0000] [3558647] [INFO] Shutting down: Master
[2026-04-07 05:00:17 +0000] [19315] [INFO] Starting gunicorn 23.0.0
[2026-04-07 05:00:17 +0000] [19315] [INFO] Listening at: http://127.0.0.1:9212 (19315)
[2026-04-07 05:00:17 +0000] [19315] [INFO] Using worker: sync
[2026-04-07 05:00:17 +0000] [19319] [INFO] Booting worker with pid: 19319
[2026-04-07 06:32:47 +0000] [19315] [INFO] Handling signal: term
[2026-04-07 01:32:47 -0500] [19319] [INFO] Worker exiting (pid: 19319)
[2026-04-07 06:32:48 +0000] [19315] [INFO] Shutting down: Master
[2026-04-07 06:32:48 +0000] [73161] [INFO] Starting gunicorn 23.0.0
[2026-04-07 06:32:48 +0000] [73161] [INFO] Listening at: http://127.0.0.1:9212 (73161)
[2026-04-07 06:32:48 +0000] [73161] [INFO] Using worker: sync
[2026-04-07 06:32:48 +0000] [73163] [INFO] Booting worker with pid: 73163
[2026-04-07 06:46:45 +0000] [73161] [INFO] Handling signal: term
[2026-04-07 01:46:45 -0500] [73163] [INFO] Worker exiting (pid: 73163)
[2026-04-07 06:46:45 +0000] [73161] [ERROR] Worker (pid:73163) was sent SIGTERM!
[2026-04-07 06:46:45 +0000] [73161] [INFO] Shutting down: Master
[2026-04-07 06:46:45 +0000] [81718] [INFO] Starting gunicorn 23.0.0
[2026-04-07 06:46:45 +0000] [81718] [INFO] Listening at: http://127.0.0.1:9212 (81718)
[2026-04-07 06:46:45 +0000] [81718] [INFO] Using worker: sync
[2026-04-07 06:46:45 +0000] [81720] [INFO] Booting worker with pid: 81720
[2026-04-07 09:01:04 +0000] [81718] [INFO] Handling signal: term
[2026-04-07 04:01:04 -0500] [81720] [INFO] Worker exiting (pid: 81720)
[2026-04-07 09:01:05 +0000] [81718] [INFO] Shutting down: Master
[2026-04-07 09:01:06 +0000] [159325] [INFO] Starting gunicorn 23.0.0
[2026-04-07 09:01:06 +0000] [159325] [INFO] Listening at: http://127.0.0.1:9212 (159325)
[2026-04-07 09:01:06 +0000] [159325] [INFO] Using worker: sync
[2026-04-07 09:01:06 +0000] [159330] [INFO] Booting worker with pid: 159330
