[2026-03-28 04:17:14 +0000] [861863] [INFO] Starting gunicorn 23.0.0
[2026-03-28 04:17:14 +0000] [861863] [INFO] Listening at: http://127.0.0.1:9202 (861863)
[2026-03-28 04:17:14 +0000] [861863] [INFO] Using worker: sync
[2026-03-28 04:17:14 +0000] [861868] [INFO] Booting worker with pid: 861868
[2026-03-30 03:50:37 +0000] [861863] [INFO] Handling signal: term
[2026-03-29 22:50:37 -0500] [861868] [INFO] Worker exiting (pid: 861868)
[2026-03-30 03:50:38 +0000] [861863] [INFO] Shutting down: Master
[2026-03-30 03:50:42 +0000] [1780946] [INFO] Starting gunicorn 23.0.0
[2026-03-30 03:50:42 +0000] [1780946] [INFO] Listening at: http://127.0.0.1:9202 (1780946)
[2026-03-30 03:50:42 +0000] [1780946] [INFO] Using worker: sync
[2026-03-30 03:50:42 +0000] [1780948] [INFO] Booting worker with pid: 1780948
[2026-03-30 04:04:12 +0000] [1780946] [INFO] Handling signal: term
[2026-03-29 23:04:12 -0500] [1780948] [INFO] Worker exiting (pid: 1780948)
[2026-03-30 04:04:12 +0000] [1780946] [INFO] Shutting down: Master
[2026-03-30 04:04:18 +0000] [1790999] [INFO] Starting gunicorn 23.0.0
[2026-03-30 04:04:18 +0000] [1790999] [INFO] Listening at: http://127.0.0.1:9202 (1790999)
[2026-03-30 04:04:18 +0000] [1790999] [INFO] Using worker: sync
[2026-03-30 04:04:18 +0000] [1791001] [INFO] Booting worker with pid: 1791001
[2026-03-30 04:06:15 +0000] [1790999] [INFO] Handling signal: term
[2026-03-29 23:06:15 -0500] [1791001] [INFO] Worker exiting (pid: 1791001)
[2026-03-30 04:06:15 +0000] [1790999] [INFO] Shutting down: Master
[2026-03-30 04:06:16 +0000] [1792447] [INFO] Starting gunicorn 23.0.0
[2026-03-30 04:06:16 +0000] [1792447] [INFO] Listening at: http://127.0.0.1:9202 (1792447)
[2026-03-30 04:06:16 +0000] [1792447] [INFO] Using worker: sync
[2026-03-30 04:06:16 +0000] [1792452] [INFO] Booting worker with pid: 1792452
[2026-03-30 04:22:11 +0000] [1792447] [INFO] Handling signal: term
[2026-03-29 23:22:11 -0500] [1792452] [INFO] Worker exiting (pid: 1792452)
[2026-03-30 04:22:11 +0000] [1804405] [INFO] Starting gunicorn 23.0.0
[2026-03-30 04:22:11 +0000] [1804405] [INFO] Listening at: http://127.0.0.1:9202 (1804405)
[2026-03-30 04:22:11 +0000] [1804405] [INFO] Using worker: sync
[2026-03-30 04:22:11 +0000] [1804410] [INFO] Booting worker with pid: 1804410
[2026-03-30 04:22:11 +0000] [1792447] [INFO] Shutting down: Master
[2026-03-31 05:15:02 +0000] [1804405] [INFO] Handling signal: hup
[2026-03-31 05:15:02 +0000] [1804405] [INFO] Hang up: Master
[2026-03-31 05:15:02 +0000] [2839130] [INFO] Booting worker with pid: 2839130
[2026-03-31 00:15:02 -0500] [1804410] [INFO] Worker exiting (pid: 1804410)
[2026-03-31 05:15:03 +0000] [1804405] [ERROR] Worker (pid:1804410) was sent SIGTERM!
[2026-03-31 05:15:44 +0000] [2839672] [INFO] Starting gunicorn 23.0.0
[2026-03-31 05:15:44 +0000] [2839672] [ERROR] Connection in use: ('127.0.0.1', 9202)
[2026-03-31 05:15:44 +0000] [2839672] [ERROR] connection to ('127.0.0.1', 9202) failed: [Errno 98] Address already in use
[2026-03-31 05:15:45 +0000] [2839672] [ERROR] Connection in use: ('127.0.0.1', 9202)
[2026-03-31 05:15:45 +0000] [2839672] [ERROR] connection to ('127.0.0.1', 9202) failed: [Errno 98] Address already in use
[2026-03-31 05:15:46 +0000] [2839672] [ERROR] Connection in use: ('127.0.0.1', 9202)
[2026-03-31 05:15:46 +0000] [2839672] [ERROR] connection to ('127.0.0.1', 9202) failed: [Errno 98] Address already in use
[2026-03-31 05:15:47 +0000] [2839672] [ERROR] Connection in use: ('127.0.0.1', 9202)
[2026-03-31 05:15:47 +0000] [2839672] [ERROR] connection to ('127.0.0.1', 9202) failed: [Errno 98] Address already in use
[2026-03-31 00:15:47 -0500] [2839130] [INFO] Parent changed, shutting down: <Worker 2839130>
[2026-03-31 00:15:47 -0500] [2839130] [INFO] Worker exiting (pid: 2839130)
[2026-03-31 05:15:48 +0000] [2839672] [INFO] Listening at: http://127.0.0.1:9202 (2839672)
[2026-03-31 05:15:48 +0000] [2839672] [INFO] Using worker: sync
[2026-03-31 05:15:48 +0000] [2839780] [INFO] Booting worker with pid: 2839780
[2026-04-01 04:23:13 +0000] [3645194] [INFO] Starting gunicorn 23.0.0
[2026-04-01 04:23:13 +0000] [3645194] [INFO] Listening at: http://127.0.0.1:9202 (3645194)
[2026-04-01 04:23:13 +0000] [3645194] [INFO] Using worker: sync
[2026-04-01 04:23:13 +0000] [3645195] [INFO] Booting worker with pid: 3645195
[2026-04-01 04:24:02 +0000] [3645194] [INFO] Handling signal: term
[2026-03-31 23:24:02 -0500] [3645195] [INFO] Worker exiting (pid: 3645195)
[2026-04-01 04:24:02 +0000] [3645194] [INFO] Shutting down: Master
[2026-04-01 04:24:04 +0000] [3645901] [INFO] Starting gunicorn 23.0.0
[2026-04-01 04:24:04 +0000] [3645901] [INFO] Listening at: http://127.0.0.1:9202 (3645901)
[2026-04-01 04:24:04 +0000] [3645901] [INFO] Using worker: sync
[2026-04-01 04:24:04 +0000] [3645905] [INFO] Booting worker with pid: 3645905
[2026-04-01 04:24:04 +0000] [3645905] [ERROR] Exception in worker process
Traceback (most recent call last):
  File "/var/www/ComMicPlanV2_clone_2_Mar/.venv/lib/python3.12/site-packages/gunicorn/arbiter.py", line 608, in spawn_worker
    worker.init_process()
  File "/var/www/ComMicPlanV2_clone_2_Mar/.venv/lib/python3.12/site-packages/gunicorn/workers/base.py", line 135, in init_process
    self.load_wsgi()
  File "/var/www/ComMicPlanV2_clone_2_Mar/.venv/lib/python3.12/site-packages/gunicorn/workers/base.py", line 147, in load_wsgi
    self.wsgi = self.app.wsgi()
                ^^^^^^^^^^^^^^^
  File "/var/www/ComMicPlanV2_clone_2_Mar/.venv/lib/python3.12/site-packages/gunicorn/app/base.py", line 66, in wsgi
    self.callable = self.load()
                    ^^^^^^^^^^^
  File "/var/www/ComMicPlanV2_clone_2_Mar/.venv/lib/python3.12/site-packages/gunicorn/app/wsgiapp.py", line 57, in load
    return self.load_wsgiapp()
           ^^^^^^^^^^^^^^^^^^^
  File "/var/www/ComMicPlanV2_clone_2_Mar/.venv/lib/python3.12/site-packages/gunicorn/app/wsgiapp.py", line 47, in load_wsgiapp
    return util.import_app(self.app_uri)
           ^^^^^^^^^^^^^^^^^^^^^^^^^^^^^
  File "/var/www/ComMicPlanV2_clone_2_Mar/.venv/lib/python3.12/site-packages/gunicorn/util.py", line 370, in import_app
    mod = importlib.import_module(module)
          ^^^^^^^^^^^^^^^^^^^^^^^^^^^^^^^
  File "/usr/lib/python3.12/importlib/__init__.py", line 90, in import_module
    return _bootstrap._gcd_import(name[level:], package, level)
           ^^^^^^^^^^^^^^^^^^^^^^^^^^^^^^^^^^^^^^^^^^^^^^^^^^^^
  File "<frozen importlib._bootstrap>", line 1387, in _gcd_import
  File "<frozen importlib._bootstrap>", line 1360, in _find_and_load
  File "<frozen importlib._bootstrap>", line 1324, in _find_and_load_unlocked
ModuleNotFoundError: No module named 'backend.wsgi'
[2026-04-01 04:24:04 +0000] [3645905] [INFO] Worker exiting (pid: 3645905)
[2026-04-01 04:24:04 +0000] [3645901] [ERROR] Worker (pid:3645905) exited with code 3
[2026-04-01 04:24:04 +0000] [3645901] [ERROR] Shutting down: Master
[2026-04-01 04:24:04 +0000] [3645901] [ERROR] Reason: Worker failed to boot.
[2026-04-01 04:24:53 +0000] [3646581] [INFO] Starting gunicorn 23.0.0
[2026-04-01 04:24:53 +0000] [3646581] [INFO] Listening at: http://127.0.0.1:9202 (3646581)
[2026-04-01 04:24:53 +0000] [3646581] [INFO] Using worker: sync
[2026-04-01 04:24:53 +0000] [3646582] [INFO] Booting worker with pid: 3646582
[2026-03-31 23:35:00 -0500] [3646582] [INFO] Worker exiting (pid: 3646582)
[2026-04-01 04:35:00 +0000] [3646581] [INFO] Handling signal: term
[2026-04-01 04:35:00 +0000] [3646581] [ERROR] Worker (pid:3646582) was sent SIGTERM!
[2026-04-01 04:35:00 +0000] [3646581] [INFO] Shutting down: Master
[2026-04-01 04:35:00 +0000] [3652906] [INFO] Starting gunicorn 23.0.0
[2026-04-01 04:35:00 +0000] [3652906] [INFO] Listening at: http://127.0.0.1:9202 (3652906)
[2026-04-01 04:35:00 +0000] [3652906] [INFO] Using worker: sync
[2026-04-01 04:35:00 +0000] [3652910] [INFO] Booting worker with pid: 3652910
[2026-03-31 23:35:09 -0500] [3652910] [INFO] Worker exiting (pid: 3652910)
[2026-04-01 04:35:09 +0000] [3652906] [INFO] Handling signal: term
[2026-04-01 04:35:09 +0000] [3652906] [ERROR] Worker (pid:3652910) was sent SIGTERM!
[2026-04-01 04:35:09 +0000] [3652906] [INFO] Shutting down: Master
[2026-04-01 04:35:29 +0000] [3653369] [INFO] Starting gunicorn 23.0.0
[2026-04-01 04:35:29 +0000] [3653369] [INFO] Listening at: http://127.0.0.1:9202 (3653369)
[2026-04-01 04:35:29 +0000] [3653369] [INFO] Using worker: sync
[2026-04-01 04:35:29 +0000] [3653373] [INFO] Booting worker with pid: 3653373
[2026-03-31 23:44:01 -0500] [3653373] [INFO] Worker exiting (pid: 3653373)
[2026-04-01 04:44:01 +0000] [3653369] [INFO] Handling signal: term
[2026-04-01 04:44:01 +0000] [3653369] [ERROR] Worker (pid:3653373) was sent SIGTERM!
[2026-04-01 04:44:01 +0000] [3653369] [INFO] Shutting down: Master
[2026-04-01 04:44:01 +0000] [3658637] [INFO] Starting gunicorn 23.0.0
[2026-04-01 04:44:01 +0000] [3658637] [INFO] Listening at: http://127.0.0.1:9202 (3658637)
[2026-04-01 04:44:01 +0000] [3658637] [INFO] Using worker: sync
[2026-04-01 04:44:01 +0000] [3658643] [INFO] Booting worker with pid: 3658643
[2026-03-31 23:44:12 -0500] [3658643] [INFO] Worker exiting (pid: 3658643)
[2026-04-01 04:44:12 +0000] [3658637] [INFO] Handling signal: term
[2026-04-01 04:44:12 +0000] [3658637] [ERROR] Worker (pid:3658643) was sent SIGTERM!
[2026-04-01 04:44:12 +0000] [3658637] [INFO] Shutting down: Master
[2026-04-01 04:44:23 +0000] [3658978] [INFO] Starting gunicorn 23.0.0
[2026-04-01 04:44:23 +0000] [3658978] [INFO] Listening at: http://127.0.0.1:9202 (3658978)
[2026-04-01 04:44:23 +0000] [3658978] [INFO] Using worker: sync
[2026-04-01 04:44:23 +0000] [3658982] [INFO] Booting worker with pid: 3658982
[2026-04-01 05:02:16 +0000] [3658978] [INFO] Handling signal: term
[2026-04-01 00:02:16 -0500] [3658982] [INFO] Worker exiting (pid: 3658982)
[2026-04-01 05:02:16 +0000] [3670105] [INFO] Starting gunicorn 23.0.0
[2026-04-01 05:02:17 +0000] [3658978] [INFO] Shutting down: Master
[2026-04-01 05:02:35 +0000] [3670346] [INFO] Starting gunicorn 23.0.0
[2026-04-01 05:02:35 +0000] [3670346] [INFO] Listening at: http://127.0.0.1:9202 (3670346)
[2026-04-01 05:02:35 +0000] [3670346] [INFO] Using worker: sync
[2026-04-01 05:02:35 +0000] [3670352] [INFO] Booting worker with pid: 3670352
[2026-04-01 05:25:49 +0000] [3670346] [INFO] Handling signal: term
[2026-04-01 00:25:49 -0500] [3670352] [INFO] Worker exiting (pid: 3670352)
[2026-04-01 05:25:49 +0000] [3683234] [INFO] Starting gunicorn 23.0.0
[2026-04-01 05:25:49 +0000] [3670346] [INFO] Shutting down: Master
[2026-04-01 05:26:08 +0000] [3683530] [INFO] Starting gunicorn 23.0.0
[2026-04-01 05:26:08 +0000] [3683530] [INFO] Listening at: http://127.0.0.1:9202 (3683530)
[2026-04-01 05:26:08 +0000] [3683530] [INFO] Using worker: sync
[2026-04-01 05:26:08 +0000] [3683533] [INFO] Booting worker with pid: 3683533
[2026-04-01 05:33:50 +0000] [3683530] [INFO] Handling signal: term
[2026-04-01 00:33:50 -0500] [3683533] [INFO] Worker exiting (pid: 3683533)
[2026-04-01 05:33:50 +0000] [3687991] [INFO] Starting gunicorn 23.0.0
[2026-04-01 05:33:50 +0000] [3683530] [INFO] Shutting down: Master
[2026-04-01 05:34:15 +0000] [3688382] [INFO] Starting gunicorn 23.0.0
[2026-04-01 05:34:15 +0000] [3688382] [INFO] Listening at: http://127.0.0.1:9202 (3688382)
[2026-04-01 05:34:15 +0000] [3688382] [INFO] Using worker: sync
[2026-04-01 05:34:15 +0000] [3688386] [INFO] Booting worker with pid: 3688386
[2026-04-01 06:13:27 +0000] [3688382] [INFO] Handling signal: term
[2026-04-01 01:13:27 -0500] [3688386] [INFO] Worker exiting (pid: 3688386)
[2026-04-01 06:13:29 +0000] [3711249] [INFO] Starting gunicorn 23.0.0
[2026-04-01 06:13:30 +0000] [3688382] [INFO] Shutting down: Master
[2026-04-01 06:13:56 +0000] [3711583] [INFO] Starting gunicorn 23.0.0
[2026-04-01 06:13:56 +0000] [3711583] [INFO] Listening at: http://127.0.0.1:9202 (3711583)
[2026-04-01 06:13:56 +0000] [3711583] [INFO] Using worker: sync
[2026-04-01 06:13:56 +0000] [3711594] [INFO] Booting worker with pid: 3711594
[2026-04-01 06:25:54 +0000] [3711583] [INFO] Handling signal: term
[2026-04-01 01:25:54 -0500] [3711594] [INFO] Worker exiting (pid: 3711594)
[2026-04-01 06:25:54 +0000] [3711583] [INFO] Shutting down: Master
[2026-04-01 06:25:56 +0000] [3718957] [INFO] Starting gunicorn 23.0.0
[2026-04-01 06:25:56 +0000] [3718957] [INFO] Listening at: http://127.0.0.1:9202 (3718957)
[2026-04-01 06:25:56 +0000] [3718957] [INFO] Using worker: sync
[2026-04-01 06:25:56 +0000] [3718959] [INFO] Booting worker with pid: 3718959
[2026-04-01 07:48:28 +0000] [3718957] [INFO] Handling signal: term
[2026-04-01 02:48:28 -0500] [3718959] [INFO] Worker exiting (pid: 3718959)
[2026-04-01 07:48:29 +0000] [3718957] [INFO] Shutting down: Master
[2026-04-01 07:48:30 +0000] [3770178] [INFO] Starting gunicorn 23.0.0
[2026-04-01 07:48:30 +0000] [3770178] [INFO] Listening at: http://127.0.0.1:9202 (3770178)
[2026-04-01 07:48:30 +0000] [3770178] [INFO] Using worker: sync
[2026-04-01 07:48:30 +0000] [3770179] [INFO] Booting worker with pid: 3770179
[2026-04-01 07:49:04 +0000] [3770178] [INFO] Handling signal: term
[2026-04-01 02:49:04 -0500] [3770179] [INFO] Worker exiting (pid: 3770179)
[2026-04-01 07:49:04 +0000] [3770178] [INFO] Shutting down: Master
[2026-04-01 07:49:06 +0000] [3770585] [INFO] Starting gunicorn 23.0.0
[2026-04-01 07:49:06 +0000] [3770585] [INFO] Listening at: http://127.0.0.1:9202 (3770585)
[2026-04-01 07:49:06 +0000] [3770585] [INFO] Using worker: sync
[2026-04-01 07:49:06 +0000] [3770586] [INFO] Booting worker with pid: 3770586
[2026-04-01 08:09:47 +0000] [3770585] [INFO] Handling signal: term
[2026-04-01 03:09:47 -0500] [3770586] [INFO] Worker exiting (pid: 3770586)
[2026-04-01 08:09:48 +0000] [3770585] [INFO] Shutting down: Master
[2026-04-01 08:09:49 +0000] [3782270] [INFO] Starting gunicorn 23.0.0
[2026-04-01 08:09:49 +0000] [3782270] [INFO] Listening at: http://127.0.0.1:9202 (3782270)
[2026-04-01 08:09:49 +0000] [3782270] [INFO] Using worker: sync
[2026-04-01 08:09:49 +0000] [3782272] [INFO] Booting worker with pid: 3782272
[2026-04-01 08:18:50 +0000] [3782270] [INFO] Handling signal: term
[2026-04-01 03:18:50 -0500] [3782272] [INFO] Worker exiting (pid: 3782272)
[2026-04-01 08:18:51 +0000] [3782270] [INFO] Shutting down: Master
[2026-04-01 08:18:52 +0000] [3787791] [INFO] Starting gunicorn 23.0.0
[2026-04-01 08:18:52 +0000] [3787791] [INFO] Listening at: http://127.0.0.1:9202 (3787791)
[2026-04-01 08:18:52 +0000] [3787791] [INFO] Using worker: sync
[2026-04-01 08:18:52 +0000] [3787793] [INFO] Booting worker with pid: 3787793
[2026-04-01 08:30:47 +0000] [3787791] [INFO] Handling signal: term
[2026-04-01 03:30:47 -0500] [3787793] [INFO] Worker exiting (pid: 3787793)
[2026-04-01 08:30:47 +0000] [3787791] [INFO] Shutting down: Master
[2026-04-01 08:30:49 +0000] [3794519] [INFO] Starting gunicorn 23.0.0
[2026-04-01 08:30:49 +0000] [3794519] [INFO] Listening at: http://127.0.0.1:9202 (3794519)
[2026-04-01 08:30:49 +0000] [3794519] [INFO] Using worker: sync
[2026-04-01 08:30:49 +0000] [3794521] [INFO] Booting worker with pid: 3794521
[2026-04-04 04:42:40 +0000] [3794519] [INFO] Handling signal: hup
[2026-04-04 04:42:40 +0000] [3794519] [INFO] Hang up: Master
[2026-04-03 23:42:40 -0500] [3794521] [INFO] Worker exiting (pid: 3794521)
[2026-04-04 04:42:40 +0000] [1791820] [INFO] Booting worker with pid: 1791820
[2026-04-05 03:38:52 +0000] [3794519] [INFO] Handling signal: hup
[2026-04-05 03:38:52 +0000] [3794519] [INFO] Hang up: Master
[2026-04-04 22:38:52 -0500] [1791820] [INFO] Worker exiting (pid: 1791820)
[2026-04-05 03:38:52 +0000] [2548479] [INFO] Booting worker with pid: 2548479
[2026-04-05 03:46:46 +0000] [3794519] [INFO] Handling signal: hup
[2026-04-05 03:46:46 +0000] [3794519] [INFO] Hang up: Master
[2026-04-04 22:46:46 -0500] [2548479] [INFO] Worker exiting (pid: 2548479)
[2026-04-05 03:46:46 +0000] [2553147] [INFO] Booting worker with pid: 2553147
[2026-04-05 04:16:45 +0000] [3794519] [INFO] Handling signal: hup
[2026-04-05 04:16:45 +0000] [3794519] [INFO] Hang up: Master
[2026-04-04 23:16:45 -0500] [2553147] [INFO] Worker exiting (pid: 2553147)
[2026-04-05 04:16:45 +0000] [2570749] [INFO] Booting worker with pid: 2570749
[2026-04-05 04:30:43 +0000] [3794519] [INFO] Handling signal: hup
[2026-04-05 04:30:43 +0000] [3794519] [INFO] Hang up: Master
[2026-04-04 23:30:43 -0500] [2570749] [INFO] Worker exiting (pid: 2570749)
[2026-04-05 04:30:43 +0000] [2578890] [INFO] Booting worker with pid: 2578890
[2026-04-05 04:33:57 +0000] [3794519] [INFO] Handling signal: hup
[2026-04-05 04:33:57 +0000] [3794519] [INFO] Hang up: Master
[2026-04-04 23:33:57 -0500] [2578890] [INFO] Worker exiting (pid: 2578890)
[2026-04-05 04:33:57 +0000] [2580681] [INFO] Booting worker with pid: 2580681
[2026-04-05 04:37:44 +0000] [3794519] [INFO] Handling signal: hup
[2026-04-05 04:37:44 +0000] [3794519] [INFO] Hang up: Master
[2026-04-04 23:37:44 -0500] [2580681] [INFO] Worker exiting (pid: 2580681)
[2026-04-05 04:37:44 +0000] [2582914] [INFO] Booting worker with pid: 2582914
[2026-04-05 04:41:55 +0000] [3794519] [INFO] Handling signal: hup
[2026-04-05 04:41:55 +0000] [3794519] [INFO] Hang up: Master
[2026-04-04 23:41:55 -0500] [2582914] [INFO] Worker exiting (pid: 2582914)
[2026-04-05 04:41:55 +0000] [2585499] [INFO] Booting worker with pid: 2585499
[2026-04-05 04:54:54 +0000] [3794519] [INFO] Handling signal: hup
[2026-04-05 04:54:54 +0000] [3794519] [INFO] Hang up: Master
[2026-04-04 23:54:54 -0500] [2585499] [INFO] Worker exiting (pid: 2585499)
[2026-04-05 04:54:54 +0000] [2592793] [INFO] Booting worker with pid: 2592793
[2026-04-05 05:07:40 +0000] [3794519] [INFO] Handling signal: hup
[2026-04-05 05:07:40 +0000] [3794519] [INFO] Hang up: Master
[2026-04-05 00:07:40 -0500] [2592793] [INFO] Worker exiting (pid: 2592793)
[2026-04-05 05:07:40 +0000] [2600263] [INFO] Booting worker with pid: 2600263
[2026-04-05 05:30:54 +0000] [3794519] [INFO] Handling signal: hup
[2026-04-05 05:30:54 +0000] [3794519] [INFO] Hang up: Master
[2026-04-05 00:30:54 -0500] [2600263] [INFO] Worker exiting (pid: 2600263)
[2026-04-05 05:30:54 +0000] [2614936] [INFO] Booting worker with pid: 2614936
[2026-04-05 05:40:14 +0000] [3794519] [INFO] Handling signal: hup
[2026-04-05 05:40:14 +0000] [3794519] [INFO] Hang up: Master
[2026-04-05 00:40:14 -0500] [2614936] [INFO] Worker exiting (pid: 2614936)
[2026-04-05 05:40:14 +0000] [2620415] [INFO] Booting worker with pid: 2620415
[2026-04-05 05:54:37 +0000] [3794519] [INFO] Handling signal: hup
[2026-04-05 05:54:37 +0000] [3794519] [INFO] Hang up: Master
[2026-04-05 05:54:37 +0000] [2629163] [INFO] Booting worker with pid: 2629163
[2026-04-05 00:54:37 -0500] [2620415] [INFO] Worker exiting (pid: 2620415)
[2026-04-05 06:09:22 +0000] [3794519] [INFO] Handling signal: hup
[2026-04-05 06:09:22 +0000] [3794519] [INFO] Hang up: Master
[2026-04-05 01:09:22 -0500] [2629163] [INFO] Worker exiting (pid: 2629163)
[2026-04-05 06:09:22 +0000] [2642153] [INFO] Booting worker with pid: 2642153
[2026-04-05 06:16:22 +0000] [3794519] [INFO] Handling signal: hup
[2026-04-05 06:16:22 +0000] [3794519] [INFO] Hang up: Master
[2026-04-05 01:16:22 -0500] [2642153] [INFO] Worker exiting (pid: 2642153)
[2026-04-05 06:16:22 +0000] [2646146] [INFO] Booting worker with pid: 2646146
[2026-04-05 06:22:21 +0000] [3794519] [INFO] Handling signal: hup
[2026-04-05 06:22:21 +0000] [3794519] [INFO] Hang up: Master
[2026-04-05 06:22:21 +0000] [2649558] [INFO] Booting worker with pid: 2649558
[2026-04-05 01:22:21 -0500] [2646146] [INFO] Worker exiting (pid: 2646146)
[2026-04-05 06:23:01 +0000] [3794519] [INFO] Handling signal: hup
[2026-04-05 06:23:01 +0000] [3794519] [INFO] Hang up: Master
[2026-04-05 06:23:01 +0000] [2649954] [INFO] Booting worker with pid: 2649954
[2026-04-05 01:23:01 -0500] [2649558] [INFO] Worker exiting (pid: 2649558)
[2026-04-05 06:34:31 +0000] [3794519] [INFO] Handling signal: hup
[2026-04-05 06:34:31 +0000] [3794519] [INFO] Hang up: Master
[2026-04-05 01:34:31 -0500] [2649954] [INFO] Worker exiting (pid: 2649954)
[2026-04-05 06:34:31 +0000] [2656581] [INFO] Booting worker with pid: 2656581
[2026-04-05 06:44:31 +0000] [3794519] [INFO] Handling signal: hup
[2026-04-05 06:44:31 +0000] [3794519] [INFO] Hang up: Master
[2026-04-05 01:44:31 -0500] [2656581] [INFO] Worker exiting (pid: 2656581)
[2026-04-05 06:44:31 +0000] [2662977] [INFO] Booting worker with pid: 2662977
[2026-04-05 06:44:31 +0000] [3794519] [ERROR] Worker (pid:2656581) was sent SIGTERM!
[2026-04-05 06:59:28 +0000] [3794519] [INFO] Handling signal: hup
[2026-04-05 06:59:28 +0000] [3794519] [INFO] Hang up: Master
[2026-04-05 01:59:28 -0500] [2662977] [INFO] Worker exiting (pid: 2662977)
[2026-04-05 06:59:28 +0000] [2672021] [INFO] Booting worker with pid: 2672021
[2026-04-05 07:01:09 +0000] [3794519] [INFO] Handling signal: hup
[2026-04-05 07:01:09 +0000] [3794519] [INFO] Hang up: Master
[2026-04-05 02:01:09 -0500] [2672021] [INFO] Worker exiting (pid: 2672021)
[2026-04-05 07:01:09 +0000] [2673274] [INFO] Booting worker with pid: 2673274
[2026-04-05 07:04:55 +0000] [3794519] [INFO] Handling signal: hup
[2026-04-05 07:04:55 +0000] [3794519] [INFO] Hang up: Master
[2026-04-05 02:04:55 -0500] [2673274] [INFO] Worker exiting (pid: 2673274)
[2026-04-05 07:04:55 +0000] [2675804] [INFO] Booting worker with pid: 2675804
[2026-04-05 07:06:41 +0000] [3794519] [INFO] Handling signal: hup
[2026-04-05 07:06:41 +0000] [3794519] [INFO] Hang up: Master
[2026-04-05 02:06:41 -0500] [2675804] [INFO] Worker exiting (pid: 2675804)
[2026-04-05 07:06:41 +0000] [2676988] [INFO] Booting worker with pid: 2676988
[2026-04-06 06:50:31 +0000] [3794519] [INFO] Handling signal: term
[2026-04-06 01:50:32 -0500] [2676988] [INFO] Worker exiting (pid: 2676988)
[2026-04-06 06:50:34 +0000] [3794519] [INFO] Shutting down: Master
[2026-04-06 06:50:34 +0000] [3455498] [INFO] Starting gunicorn 23.0.0
[2026-04-06 06:50:34 +0000] [3455498] [INFO] Listening at: http://127.0.0.1:9202 (3455498)
[2026-04-06 06:50:34 +0000] [3455498] [INFO] Using worker: sync
[2026-04-06 06:50:34 +0000] [3455502] [INFO] Booting worker with pid: 3455502
[2026-04-06 09:41:26 +0000] [3455498] [INFO] Handling signal: term
[2026-04-06 04:41:27 -0500] [3455502] [INFO] Worker exiting (pid: 3455502)
[2026-04-06 09:41:27 +0000] [3455498] [ERROR] Worker (pid:3455502) was sent SIGTERM!
[2026-04-06 09:41:27 +0000] [3455498] [INFO] Shutting down: Master
[2026-04-06 09:41:28 +0000] [3552777] [INFO] Starting gunicorn 23.0.0
[2026-04-06 09:41:28 +0000] [3552777] [INFO] Listening at: http://127.0.0.1:9202 (3552777)
[2026-04-06 09:41:28 +0000] [3552777] [INFO] Using worker: sync
[2026-04-06 09:41:28 +0000] [3552779] [INFO] Booting worker with pid: 3552779
[2026-04-06 09:51:12 +0000] [3552777] [INFO] Handling signal: term
[2026-04-06 04:51:12 -0500] [3552779] [INFO] Worker exiting (pid: 3552779)
[2026-04-06 09:51:12 +0000] [3552777] [ERROR] Worker (pid:3552779) was sent SIGTERM!
[2026-04-06 09:51:12 +0000] [3552777] [INFO] Shutting down: Master
[2026-04-06 09:51:12 +0000] [3558642] [INFO] Starting gunicorn 23.0.0
[2026-04-06 09:51:12 +0000] [3558642] [INFO] Listening at: http://127.0.0.1:9202 (3558642)
[2026-04-06 09:51:12 +0000] [3558642] [INFO] Using worker: sync
[2026-04-06 09:51:12 +0000] [3558644] [INFO] Booting worker with pid: 3558644
[2026-04-07 05:00:14 +0000] [3558642] [INFO] Handling signal: term
[2026-04-07 00:00:14 -0500] [3558644] [INFO] Worker exiting (pid: 3558644)
[2026-04-07 05:00:16 +0000] [3558642] [INFO] Shutting down: Master
[2026-04-07 05:00:17 +0000] [19311] [INFO] Starting gunicorn 23.0.0
[2026-04-07 05:00:17 +0000] [19311] [INFO] Listening at: http://127.0.0.1:9202 (19311)
[2026-04-07 05:00:17 +0000] [19311] [INFO] Using worker: sync
[2026-04-07 05:00:17 +0000] [19313] [INFO] Booting worker with pid: 19313
[2026-04-07 06:32:47 +0000] [19311] [INFO] Handling signal: term
[2026-04-07 01:32:47 -0500] [19313] [INFO] Worker exiting (pid: 19313)
[2026-04-07 06:32:47 +0000] [19311] [ERROR] Worker (pid:19313) was sent SIGTERM!
[2026-04-07 06:32:47 +0000] [19311] [INFO] Shutting down: Master
[2026-04-07 06:32:48 +0000] [73155] [INFO] Starting gunicorn 23.0.0
[2026-04-07 06:32:48 +0000] [73155] [INFO] Listening at: http://127.0.0.1:9202 (73155)
[2026-04-07 06:32:48 +0000] [73155] [INFO] Using worker: sync
[2026-04-07 06:32:48 +0000] [73159] [INFO] Booting worker with pid: 73159
[2026-04-07 06:46:45 +0000] [73155] [INFO] Handling signal: term
[2026-04-07 01:46:45 -0500] [73159] [INFO] Worker exiting (pid: 73159)
[2026-04-07 06:46:45 +0000] [73155] [ERROR] Worker (pid:73159) was sent SIGTERM!
[2026-04-07 06:46:45 +0000] [73155] [INFO] Shutting down: Master
[2026-04-07 06:46:45 +0000] [81711] [INFO] Starting gunicorn 23.0.0
[2026-04-07 06:46:45 +0000] [81711] [INFO] Listening at: http://127.0.0.1:9202 (81711)
[2026-04-07 06:46:45 +0000] [81711] [INFO] Using worker: sync
[2026-04-07 06:46:45 +0000] [81716] [INFO] Booting worker with pid: 81716
[2026-04-07 09:01:04 +0000] [81711] [INFO] Handling signal: term
[2026-04-07 04:01:04 -0500] [81716] [INFO] Worker exiting (pid: 81716)
[2026-04-07 09:01:04 +0000] [81711] [ERROR] Worker (pid:81716) was sent SIGTERM!
[2026-04-07 09:01:04 +0000] [81711] [INFO] Shutting down: Master
[2026-04-07 09:01:06 +0000] [159317] [INFO] Starting gunicorn 23.0.0
[2026-04-07 09:01:06 +0000] [159317] [INFO] Listening at: http://127.0.0.1:9202 (159317)
[2026-04-07 09:01:06 +0000] [159317] [INFO] Using worker: sync
[2026-04-07 09:01:06 +0000] [159322] [INFO] Booting worker with pid: 159322
[2026-04-08 06:55:17 +0000] [159317] [INFO] Handling signal: term
[2026-04-08 01:55:17 -0500] [159322] [INFO] Worker exiting (pid: 159322)
[2026-04-08 06:55:17 +0000] [159317] [ERROR] Worker (pid:159322) was sent SIGTERM!
[2026-04-08 06:55:17 +0000] [159317] [INFO] Shutting down: Master
[2026-04-08 06:55:19 +0000] [889646] [INFO] Starting gunicorn 23.0.0
[2026-04-08 06:55:19 +0000] [889646] [INFO] Listening at: http://127.0.0.1:9202 (889646)
[2026-04-08 06:55:19 +0000] [889646] [INFO] Using worker: sync
[2026-04-08 06:55:19 +0000] [889651] [INFO] Booting worker with pid: 889651
[2026-04-08 07:20:53 +0000] [889646] [INFO] Handling signal: term
[2026-04-08 02:20:53 -0500] [889651] [INFO] Worker exiting (pid: 889651)
[2026-04-08 07:20:53 +0000] [889646] [ERROR] Worker (pid:889651) was sent SIGTERM!
[2026-04-08 07:20:53 +0000] [889646] [INFO] Shutting down: Master
[2026-04-08 07:20:53 +0000] [909448] [INFO] Starting gunicorn 23.0.0
[2026-04-08 07:20:53 +0000] [909448] [INFO] Listening at: http://127.0.0.1:9202 (909448)
[2026-04-08 07:20:53 +0000] [909448] [INFO] Using worker: sync
[2026-04-08 07:20:53 +0000] [909450] [INFO] Booting worker with pid: 909450
[2026-04-08 09:12:18 +0000] [909448] [INFO] Handling signal: term
[2026-04-08 04:12:18 -0500] [909450] [INFO] Worker exiting (pid: 909450)
[2026-04-08 09:12:18 +0000] [909448] [ERROR] Worker (pid:909450) was sent SIGTERM!
[2026-04-08 09:12:18 +0000] [909448] [INFO] Shutting down: Master
[2026-04-08 09:12:20 +0000] [977968] [INFO] Starting gunicorn 23.0.0
[2026-04-08 09:12:20 +0000] [977968] [INFO] Listening at: http://127.0.0.1:9202 (977968)
[2026-04-08 09:12:20 +0000] [977968] [INFO] Using worker: sync
[2026-04-08 09:12:20 +0000] [977970] [INFO] Booting worker with pid: 977970
[2026-04-08 09:12:42 +0000] [977968] [INFO] Handling signal: term
[2026-04-08 04:12:42 -0500] [977970] [INFO] Worker exiting (pid: 977970)
[2026-04-08 09:12:42 +0000] [977968] [ERROR] Worker (pid:977970) was sent SIGTERM!
[2026-04-08 09:12:42 +0000] [977968] [INFO] Shutting down: Master
[2026-04-08 09:12:43 +0000] [978235] [INFO] Starting gunicorn 23.0.0
[2026-04-08 09:12:43 +0000] [978235] [INFO] Listening at: http://127.0.0.1:9202 (978235)
[2026-04-08 09:12:43 +0000] [978235] [INFO] Using worker: sync
[2026-04-08 09:12:43 +0000] [978239] [INFO] Booting worker with pid: 978239
[2026-04-08 09:30:39 +0000] [978235] [INFO] Handling signal: term
[2026-04-08 04:30:39 -0500] [978239] [INFO] Worker exiting (pid: 978239)
[2026-04-08 09:30:39 +0000] [978235] [ERROR] Worker (pid:978239) was sent SIGTERM!
[2026-04-08 09:30:39 +0000] [978235] [INFO] Shutting down: Master
[2026-04-08 09:30:39 +0000] [989146] [INFO] Starting gunicorn 23.0.0
[2026-04-08 09:30:39 +0000] [989146] [INFO] Listening at: http://127.0.0.1:9202 (989146)
[2026-04-08 09:30:39 +0000] [989146] [INFO] Using worker: sync
[2026-04-08 09:30:39 +0000] [989151] [INFO] Booting worker with pid: 989151
[2026-04-08 09:42:52 +0000] [989146] [INFO] Handling signal: term
[2026-04-08 04:42:52 -0500] [989151] [INFO] Worker exiting (pid: 989151)
[2026-04-08 09:42:52 +0000] [989146] [ERROR] Worker (pid:989151) was sent SIGTERM!
[2026-04-08 09:42:52 +0000] [989146] [INFO] Shutting down: Master
[2026-04-08 09:42:52 +0000] [996635] [INFO] Starting gunicorn 23.0.0
[2026-04-08 09:42:52 +0000] [996635] [INFO] Listening at: http://127.0.0.1:9202 (996635)
[2026-04-08 09:42:52 +0000] [996635] [INFO] Using worker: sync
[2026-04-08 09:42:52 +0000] [996637] [INFO] Booting worker with pid: 996637
[2026-04-08 16:24:01 +0000] [996635] [INFO] Handling signal: term
[2026-04-08 11:24:01 -0500] [996637] [INFO] Worker exiting (pid: 996637)
[2026-04-08 16:24:01 +0000] [996635] [ERROR] Worker (pid:996637) was sent SIGTERM!
[2026-04-08 16:24:01 +0000] [996635] [INFO] Shutting down: Master
[2026-04-08 16:24:02 +0000] [1216247] [INFO] Starting gunicorn 23.0.0
[2026-04-08 16:24:02 +0000] [1216247] [INFO] Listening at: http://127.0.0.1:9202 (1216247)
[2026-04-08 16:24:02 +0000] [1216247] [INFO] Using worker: sync
[2026-04-08 16:24:02 +0000] [1216254] [INFO] Booting worker with pid: 1216254
[2026-04-09 18:13:02 +0000] [1216247] [INFO] Handling signal: hup
[2026-04-09 18:13:02 +0000] [1216247] [INFO] Hang up: Master
[2026-04-09 18:13:02 +0000] [2236436] [INFO] Booting worker with pid: 2236436
[2026-04-09 13:13:02 -0500] [1216254] [INFO] Worker exiting (pid: 1216254)
[2026-04-09 18:13:03 +0000] [1216247] [ERROR] Worker (pid:1216254) was sent SIGTERM!
[2026-04-10 06:25:28 +0000] [1216247] [INFO] Handling signal: term
[2026-04-10 01:25:28 -0500] [2236436] [INFO] Worker exiting (pid: 2236436)
[2026-04-10 06:25:33 +0000] [1216247] [INFO] Shutting down: Master
[2026-04-10 06:25:34 +0000] [2661354] [INFO] Starting gunicorn 23.0.0
[2026-04-10 06:25:34 +0000] [2661354] [INFO] Listening at: http://127.0.0.1:9202 (2661354)
[2026-04-10 06:25:34 +0000] [2661354] [INFO] Using worker: sync
[2026-04-10 06:25:34 +0000] [2661363] [INFO] Booting worker with pid: 2661363
